{
"/Users/harish/dev/pillaru/bizhub/src/routes.js":{"path":"/Users/harish/dev/pillaru/bizhub/src/routes.js","statementMap":{},"fnMap":{},"branchMap":{},"s":{},"f":{},"b":{},"_coverageSchema":"332fd63041d2c1bcb487cc26dd0d5f7d97098a6c","hash":"186ae4a4082bdb1e9e365179ef3692d390c7aaee","l":{}},
"/Users/harish/dev/pillaru/bizhub/src/app.js":{"path":"/Users/harish/dev/pillaru/bizhub/src/app.js","statementMap":{"0":{"start":{"line":7,"column":8},"end":{"line":7,"column":28}},"1":{"start":{"line":9,"column":8},"end":{"line":9,"column":50}},"2":{"start":{"line":10,"column":8},"end":{"line":10,"column":69}},"3":{"start":{"line":12,"column":8},"end":{"line":12,"column":61}},"4":{"start":{"line":14,"column":8},"end":{"line":14,"column":26}},"5":{"start":{"line":16,"column":8},"end":{"line":16,"column":44}}},"fnMap":{"0":{"name":"(anonymous_0)","decl":{"start":{"line":6,"column":4},"end":{"line":6,"column":5}},"loc":{"start":{"line":6,"column":36},"end":{"line":17,"column":5}},"line":6}},"branchMap":{},"s":{"0":5,"1":5,"2":5,"3":5,"4":5,"5":5},"f":{"0":5},"b":{},"_coverageSchema":"332fd63041d2c1bcb487cc26dd0d5f7d97098a6c","hash":"509bdc34c8a25943c26bf2bcaf4530768c016451","l":{"7":5,"9":5,"10":5,"12":5,"14":5,"16":5}},
"/Users/harish/dev/pillaru/bizhub/src/services/api-service.js":{"path":"/Users/harish/dev/pillaru/bizhub/src/services/api-service.js","statementMap":{"0":{"start":{"line":8,"column":23},"end":{"line":11,"column":9}},"1":{"start":{"line":12,"column":8},"end":{"line":12,"column":36}},"2":{"start":{"line":13,"column":8},"end":{"line":13,"column":32}},"3":{"start":{"line":14,"column":8},"end":{"line":14,"column":51}},"4":{"start":{"line":18,"column":23},"end":{"line":18,"column":40}},"5":{"start":{"line":19,"column":26},"end":{"line":19,"column":69}},"6":{"start":{"line":20,"column":8},"end":{"line":21,"column":42}},"7":{"start":{"line":21,"column":26},"end":{"line":21,"column":41}},"8":{"start":{"line":25,"column":8},"end":{"line":26,"column":42}},"9":{"start":{"line":26,"column":26},"end":{"line":26,"column":41}},"10":{"start":{"line":30,"column":21},"end":{"line":30,"column":75}},"11":{"start":{"line":31,"column":8},"end":{"line":32,"column":42}},"12":{"start":{"line":32,"column":26},"end":{"line":32,"column":41}},"13":{"start":{"line":36,"column":8},"end":{"line":39,"column":10}},"14":{"start":{"line":43,"column":8},"end":{"line":45,"column":10}}},"fnMap":{"0":{"name":"(anonymous_0)","decl":{"start":{"line":7,"column":4},"end":{"line":7,"column":5}},"loc":{"start":{"line":7,"column":38},"end":{"line":15,"column":5}},"line":7},"1":{"name":"(anonymous_1)","decl":{"start":{"line":17,"column":4},"end":{"line":17,"column":5}},"loc":{"start":{"line":17,"column":35},"end":{"line":22,"column":5}},"line":17},"2":{"name":"(anonymous_2)","decl":{"start":{"line":21,"column":14},"end":{"line":21,"column":15}},"loc":{"start":{"line":21,"column":26},"end":{"line":21,"column":41}},"line":21},"3":{"name":"(anonymous_3)","decl":{"start":{"line":24,"column":4},"end":{"line":24,"column":5}},"loc":{"start":{"line":24,"column":16},"end":{"line":27,"column":5}},"line":24},"4":{"name":"(anonymous_4)","decl":{"start":{"line":26,"column":14},"end":{"line":26,"column":15}},"loc":{"start":{"line":26,"column":26},"end":{"line":26,"column":41}},"line":26},"5":{"name":"(anonymous_5)","decl":{"start":{"line":29,"column":4},"end":{"line":29,"column":5}},"loc":{"start":{"line":29,"column":32},"end":{"line":33,"column":5}},"line":29},"6":{"name":"(anonymous_6)","decl":{"start":{"line":32,"column":14},"end":{"line":32,"column":15}},"loc":{"start":{"line":32,"column":26},"end":{"line":32,"column":41}},"line":32},"7":{"name":"(anonymous_7)","decl":{"start":{"line":35,"column":4},"end":{"line":35,"column":5}},"loc":{"start":{"line":35,"column":25},"end":{"line":40,"column":5}},"line":35},"8":{"name":"(anonymous_8)","decl":{"start":{"line":42,"column":4},"end":{"line":42,"column":5}},"loc":{"start":{"line":42,"column":15},"end":{"line":46,"column":5}},"line":42}},"branchMap":{"0":{"loc":{"start":{"line":17,"column":11},"end":{"line":17,"column":21}},"type":"default-arg","locations":[{"start":{"line":17,"column":19},"end":{"line":17,"column":21}}],"line":17},"1":{"loc":{"start":{"line":17,"column":23},"end":{"line":17,"column":33}},"type":"default-arg","locations":[{"start":{"line":17,"column":32},"end":{"line":17,"column":33}}],"line":17}},"s":{"0":0,"1":0,"2":0,"3":0,"4":0,"5":0,"6":0,"7":0,"8":0,"9":0,"10":0,"11":0,"12":0,"13":0,"14":0},"f":{"0":0,"1":0,"2":0,"3":0,"4":0,"5":0,"6":0,"7":0,"8":0},"b":{"0":[0],"1":[0]},"_coverageSchema":"332fd63041d2c1bcb487cc26dd0d5f7d97098a6c","hash":"44edae5fe6fea603f53465fd7fffd5d924bff217","l":{"8":0,"12":0,"13":0,"14":0,"18":0,"19":0,"20":0,"21":0,"25":0,"26":0,"30":0,"31":0,"32":0,"36":0,"43":0}},
"/Users/harish/dev/pillaru/bizhub/src/organizations/index.js":{"path":"/Users/harish/dev/pillaru/bizhub/src/organizations/index.js","statementMap":{"0":{"start":{"line":14,"column":8},"end":{"line":14,"column":28}},"1":{"start":{"line":15,"column":8},"end":{"line":15,"column":61}},"2":{"start":{"line":19,"column":8},"end":{"line":21,"column":9}},"3":{"start":{"line":20,"column":12},"end":{"line":20,"column":43}},"4":{"start":{"line":22,"column":23},"end":{"line":22,"column":50}},"5":{"start":{"line":23,"column":8},"end":{"line":23,"column":48}},"6":{"start":{"line":27,"column":8},"end":{"line":27,"column":49}},"7":{"start":{"line":31,"column":8},"end":{"line":37,"column":10}},"8":{"start":{"line":33,"column":12},"end":{"line":33,"column":43}},"9":{"start":{"line":34,"column":12},"end":{"line":34,"column":60}},"10":{"start":{"line":35,"column":12},"end":{"line":35,"column":61}},"11":{"start":{"line":36,"column":12},"end":{"line":36,"column":45}}},"fnMap":{"0":{"name":"(anonymous_0)","decl":{"start":{"line":13,"column":4},"end":{"line":13,"column":5}},"loc":{"start":{"line":13,"column":36},"end":{"line":16,"column":5}},"line":13},"1":{"name":"(anonymous_1)","decl":{"start":{"line":18,"column":4},"end":{"line":18,"column":5}},"loc":{"start":{"line":18,"column":21},"end":{"line":24,"column":5}},"line":18},"2":{"name":"(anonymous_2)","decl":{"start":{"line":26,"column":4},"end":{"line":26,"column":5}},"loc":{"start":{"line":26,"column":41},"end":{"line":28,"column":5}},"line":26},"3":{"name":"(anonymous_3)","decl":{"start":{"line":30,"column":4},"end":{"line":30,"column":5}},"loc":{"start":{"line":30,"column":36},"end":{"line":38,"column":5}},"line":30},"4":{"name":"(anonymous_4)","decl":{"start":{"line":32,"column":14},"end":{"line":32,"column":15}},"loc":{"start":{"line":32,"column":24},"end":{"line":37,"column":9}},"line":32}},"branchMap":{"0":{"loc":{"start":{"line":19,"column":8},"end":{"line":21,"column":9}},"type":"if","locations":[{"start":{"line":19,"column":8},"end":{"line":21,"column":9}},{"start":{"line":19,"column":8},"end":{"line":21,"column":9}}],"line":19},"1":{"loc":{"start":{"line":19,"column":12},"end":{"line":19,"column":33}},"type":"binary-expr","locations":[{"start":{"line":19,"column":12},"end":{"line":19,"column":18}},{"start":{"line":19,"column":22},"end":{"line":19,"column":33}}],"line":19}},"s":{"0":1,"1":1,"2":1,"3":0,"4":1,"5":1,"6":0,"7":1,"8":1,"9":1,"10":1,"11":1},"f":{"0":1,"1":1,"2":0,"3":1,"4":1},"b":{"0":[0,1],"1":[1,0]},"_coverageSchema":"332fd63041d2c1bcb487cc26dd0d5f7d97098a6c","hash":"f7cb1a75ae9043b7f21c135bf6d9f91c8f81da8e","l":{"14":1,"15":1,"19":1,"20":0,"22":1,"23":1,"27":0,"31":1,"33":1,"34":1,"35":1,"36":1}}}
