{
"/Users/harish/dev/pillaru/bizhub/src/routes.js":{"path":"/Users/harish/dev/pillaru/bizhub/src/routes.js","statementMap":{},"fnMap":{},"branchMap":{},"s":{},"f":{},"b":{},"_coverageSchema":"332fd63041d2c1bcb487cc26dd0d5f7d97098a6c","hash":"186ae4a4082bdb1e9e365179ef3692d390c7aaee","l":{}},
"/Users/harish/dev/pillaru/bizhub/src/app.js":{"path":"/Users/harish/dev/pillaru/bizhub/src/app.js","statementMap":{"0":{"start":{"line":7,"column":8},"end":{"line":7,"column":28}},"1":{"start":{"line":9,"column":8},"end":{"line":9,"column":50}},"2":{"start":{"line":10,"column":8},"end":{"line":10,"column":69}},"3":{"start":{"line":12,"column":8},"end":{"line":12,"column":61}},"4":{"start":{"line":14,"column":8},"end":{"line":14,"column":26}},"5":{"start":{"line":16,"column":8},"end":{"line":16,"column":44}}},"fnMap":{"0":{"name":"(anonymous_0)","decl":{"start":{"line":6,"column":4},"end":{"line":6,"column":5}},"loc":{"start":{"line":6,"column":36},"end":{"line":17,"column":5}},"line":6}},"branchMap":{},"s":{"0":5,"1":5,"2":5,"3":5,"4":5,"5":5},"f":{"0":5},"b":{},"_coverageSchema":"332fd63041d2c1bcb487cc26dd0d5f7d97098a6c","hash":"509bdc34c8a25943c26bf2bcaf4530768c016451","l":{"7":5,"9":5,"10":5,"12":5,"14":5,"16":5}}}
